Enterprise maturity models: a systematic literature review
Undergraduate Teaching Assistants in Computer Science: A Systematic Literature Review
What do volunteers want from citizen science technologies? A systematic literature review and best practice guidelines
A systematic literature review of student engagement in software visualization: a theoretical perspective
Interchangeability between pneumococcal conjugate vaccines for pediatric use: a systematic literature review
Causing factors, outcomes, and governance of Shadow IT and business-managed IT: a systematic literature review
Wearables and mobile technologies in Autism Spectrum Disorder interventions: A systematic literature review
Using a Systematic Literature Review to Strengthen the Evidence Supporting a Simulation Model of Distributed Software Projects
A ranking-based approach for supporting the initial selection of primary studies in a Systematic Literature Review
Enhancing the Process Specification for Systematic Literature Reviews
Cyberbullying detection on social multimedia using soft computing techniques: a meta-analysis
Artificial Intelligence Techniques to Detect and Prevent Corruption in Procurement: A Systematic Literature Review
A meta-analysis of use of serious games in education over a decade
Enhancing the Process Specification for Systematic Literature
Time Estimation as Critical Factor of Software Failure and Success: A Systematic Literature Review Protocol with Preliminary Results
Measuring The Effectiveness of University Programmes Based on Evaluation Models: A Meta-Analysis
Internet of Things for Healthcare Using Effects of Mobile Computing: A Systematic Literature Review
Code smells enabled by artificial intelligence: a systematic mapping
Systematization of Vulnerability Discovery Knowledge: Review Protocol
A bibliometric assessment of software engineering scholars and institutions (2010-2017)
An overview of AI adoption in business and management
Skill and Performance Assessment Using Problem Based Learning in TVET
Challenges and Measures for Information Security Practices: A Literature Review on Systemic and Idiosyncratic Aspects
A comparative evaluation of the effectiveness of virtual reality, 3D visualization and 2D visual interactive simulation: an exploratory meta-analysis
Exploring the Role of Knowledge, Innovation and Technology Management (KNIT) Capabilities that Influence Research and Development
A Meta-Analysis on Obstacle Detection for Visually Impaired People
Blockchain technology in healthcare: a systematic review
A question of trust: can we build an evidence base to gain trust in systematic review automation technologies?
Semantic (Big) Data Analysis: an Extensive Literature Review
The use of tools of data mining to decision making in engineering education-A systematic mapping study
Autism: Implications for Inclusive Education with respect to Software Engineering
Success Factors in Project Management. A Systematic Review of Ten Years of Research Findings
Systematic mapping of scientific production on open innovation (2015-2018): opportunities for sustainable training environments
Consistency requirements in business process modeling: a thorough overview
Review of Cybersecurity Research Topics, Taxonomy and Challenges: Interdisciplinary Perspective
Gene-specific metrics to facilitate identification of disease genes for molecular diagnosis in patient genomes: a systematic review
Augmenting the learning experience in primary and secondary school education: A systematic review of recent trends in augmented reality game-based 
Obstacles and solutions on the ladder of citizen participation: A systematic review
Vision-based serious games and virtual reality systems for motor rehabilitation: A review geared toward a research methodology
A systematic review of data-driven approaches in player modeling of educational games
On the role of data balancing for machine learning-based code smell detection
An Evaluation Approach for Selecting Suitable Defect Prediction Method at Early Phases
Fuzzy logic approach for infectious disease diagnosis: A methodical evaluation, literature and classification
Systematic review of integrated studies on functional and thematic ecosystem services in Latin America, 1992-2017
Fostering good coding practices through individual feedback and gamification: an industrial case study
Avatars and embodied agents in experimental information systems research: A systematic review and conceptual framework
Food consumption and glycemic testing of adults and elderly diabetic patients from Public Health: A systematic review of assessment methods
The Prevalence of Errors in Machine Learning Experiments
A Scientometric analysis of Chinese-language Literature on Green Data Centers
Older adults' physical activity and exergames: a systematic review
Utilization of software supporting project management in middle and large project-based organizations: an empirical study in Poland
State-of-the-art in Software Quality Evaluation Models Suitable for Telemedicine and Telehealth Systems
An empirical study on the effectiveness of feature selection for cross-project defect prediction
Empirical Study of Test Driven Development with Scrum
Enterprise maturity models: a systematic
Towards Supportive Mechanisms for Crowd Collaboration-Design Guidelines for Platform Developers
An overview of learning design and analytics in mobile and ubiquitous learning
Developing a task switching training game for children with a rare genetic syndrome linked to intellectual disability
Observable Computational Thinking skills in primary school children: how and when teachers can discern abstraction, decomposition and use of algorithms
Investigating the Role of Information System Quality and Managerial Competency on the Organization's Performance
An empirical assessment of best-answer prediction models in technical Q&A sites
Estabelecendo uma string de busca para a identificação de estudos secundários na engenharia de software
Examining the Alignment of Foreign Language Teachers' Technology Use Intention and Actual Usage
Software architecture design in global software development: An empirical study
Gap between academia and industry: a case of empirical evaluation of three software testing methods
Collaboration barriers in BIM-based construction networks: A conceptual model
Business cases for ecodesign implementation: a simulation-based framework
Understanding the Perceived Relevance of Capability Measures: A Survey of Agile Software Development Practitioners
A landscape of the adoption of empirical evaluations in the brazilian symposium on human factors in computing systems
The Knowledge Application and Utilization Framework Applied to Defense COTS: A Research Synthesis for Outsourced Innovation
Frequency and association of mitochondrial genetic variants with neurological disorders
Evaluating and empirically improving the visual syntax of use case diagrams
Insight into insiders and it: A survey of insider threat taxonomies, analysis, modeling, and countermeasures
Specifying autonomy in the Internet of Things: the autonomy model and notation
A Comparison of Heart Rate in Normal Physical Activity vs. Immersive Virtual Reality Exergames
Visually analyzing eye movements on natural language texts and source code snippets
A bibliometric data analysis of multi-criteria decision making methods in heritage buildings
Sublating tensions in the IT project risk management literature: A model of the relative performance of intuition and deliberate analysis for risk assessment
Software development process ambidexterity and project performance: A coordination cost-effectiveness view
Information Visualization at Home: A literature survey of consumption feedback design
Do Agile Managed Information Systems Projects Fail Due to a Lack of Emotional Intelligence?
Teaching requirements elicitation interviews: an empirical study of learning from mistakes
A comparative Analysis of Various Methodologies of Agile Project Management Verses PMBOK: A Case Study
Problem analysis of RPL overhead in 6LOWPAN using 5W1H model
The history and future of digital health in the field of behavioral medicine
Context-awareness through Google Awareness API
The Effects of Social Capital's Relational Dimension on Tacit and Explicit Knowledge Sharing
Minecraft for Teaching Craft, Design and Technology in Primary School
Psychological contract and turnover intention in the information technology profession
Impact of training and structured medication review on medication appropriateness and patient-related outcomes in nursing homes: results from the 
Joining together online: the trajectory of CSCW scholarship on group formation
Jordan banks' perceptions of customer relationship management: a TAM-based investigation
A critical review on selected fuzzy min-max neural networks and their significance and challenges in pattern classification
Affective game planning for health applications: quantitative extension of gerontoludic design based on the appraisal theory of stress and coping
How Serious is Serious Game Design?-Exploring Entertainment-Oriented and Goal-Oriented Gaming
KAJIAN KONSEPTUAL TENTANG SOCIAL-EMOTIONAL LEARNING (SEL) DALAM PEMBELAJARAN BAHASA
UNDERSTANDING FACTORS AND PRACTICES OF SOFTWARE SECURITY AND PERFORMANCE VERIFICATION
Estimating VR Sickness and user experience using different HMD technologies: An evaluation study
Ambiente Digital para Ensino e Acompanhamento Personalizado de Estudantes com Autismo
Ambulance Employees Association-Scoping Literature Reviews drawing on qualitative literature to address the physical, psychological, psychobiological, and 
A framework for improving the recognition of project teams as key stakeholders in information and communication technology projects
A dimension-based information security culture model and its relationship with employees' security behavior: A case study in Malaysian higher educational institutions
A Survey on the Use of Preferences for Virtual Machine Placement in Cloud Data Centers
The Role of Service Quality in Predisposition for Portuguese Online Commerce
Children's acceptance of social robots
The Role of Big Data in Addressing Societal Challenges
Strategies for Cloud Services Adoption in Saudi Arabia
SUPPORT FOR KNOWLEDGE ASSESSMENT IN STEM EDUCATION USING ELARS RECOMMENDER SYSTEM
How pair programming influences team performance: the role of backup behavior, shared mental models, and task novelty
Development of a prescription recommendation system using case-based reasoning
Amplifying and attenuating inequity in collaborative learning: Toward an analytical framework
Integration of Virtual Teams Into an Organization: Insights Through Revealing Organizational Patterns
Investigating the Influence a perceived servant leadership styles has on employee engagement
Revisiting Heterogeneous Defect Prediction: How Far Are We?
Impact of Privacy Concerns and User Perceptions on the Usage Intention of Wearable Smart Medical Devices: A Correlational Study
Human-Computer Interaction-INTERACT 2019: 17th IFIP TC 13 International Conference, Paphos, Cyprus, September 2-6, 2019, Proceedings
Agile project management: a potential tool for enhancing innovation capacity in organisations
HIGH-TECH STARTUP MATURITY
Realidade virtual e aumentada na seleção de pessoas: um estudo exploratório
Leveraging Routine Behavior and Contextually-Filtered Features for Depression Detection among College Students
Developing Children's Computational Thinking using Programming Games
There were no new files in the database
There were no new files in the database
Preparing search for the following 121 entries...

























































































































Google Scholar-Einstellungen
Google Scholar
query for Enterprise maturity models: a systematic literature review
query for Undergraduate Teaching Assistants in Computer Science: A Systematic Literature Review
query for What do volunteers want from citizen science technologies? A systematic literature review and best practice guidelines
query for A systematic literature review of student engagement in software visualization: a theoretical perspective
query for Interchangeability between pneumococcal conjugate vaccines for pediatric use: a systematic literature review
query for Causing factors, outcomes, and governance of Shadow IT and business managed IT: a systematic literature review
query for Wearables and mobile technologies in Autism Spectrum Disorder interventions: A systematic literature review
query for Using a Systematic Literature Review to Strengthen the Evidence Supporting a Simulation Model of Distributed Software Projects
query for A ranking based approach for supporting the initial selection of primary studies in a Systematic Literature Review
query for Enhancing the Process Specification for Systematic Literature Reviews
query for Cyberbullying detection on social multimedia using soft computing techniques: a meta analysis
query for Artificial Intelligence Techniques to Detect and Prevent Corruption in Procurement: A Systematic Literature Review
query for A meta analysis of use of serious games in education over a decade
query for Enhancing the Process Specification for Systematic Literature
query for Time Estimation as Critical Factor of Software Failure and Success: A Systematic Literature Review Protocol with Preliminary Results
query for Measuring The Effectiveness of University Programmes Based on Evaluation Models: A Meta Analysis
query for Internet of Things for Healthcare Using Effects of Mobile Computing: A Systematic Literature Review
query for Code smells enabled by artificial intelligence: a systematic mapping
query for Systematization of Vulnerability Discovery Knowledge: Review Protocol
query for A bibliometric assessment of software engineering scholars and institutions (2010 2017)
query for An overview of AI adoption in business and management
query for Skill and Performance Assessment Using Problem Based Learning in TVET
query for Challenges and Measures for Information Security Practices: A Literature Review on Systemic and Idiosyncratic Aspects
query for A comparative evaluation of the effectiveness of virtual reality, 3D visualization and 2D visual interactive simulation: an exploratory meta analysis
query for Exploring the Role of Knowledge, Innovation and Technology Management (KNIT) Capabilities that Influence Research and Development
query for A Meta Analysis on Obstacle Detection for Visually Impaired People
query for Blockchain technology in healthcare: a systematic review
query for A question of trust: can we build an evidence base to gain trust in systematic review automation technologies?
query for Semantic (Big) Data Analysis: an Extensive Literature Review
query for The use of tools of data mining to decision making in engineering education A systematic mapping study
query for Autism: Implications for Inclusive Education with respect to Software Engineering
query for Success Factors in Project Management. A Systematic Review of Ten Years of Research Findings
query for Systematic mapping of scientific production on open innovation (2015 2018): opportunities for sustainable training environments
query for Consistency requirements in business process modeling: a thorough overview
query for Review of Cybersecurity Research Topics, Taxonomy and Challenges: Interdisciplinary Perspective
query for Gene specific metrics to facilitate identification of disease genes for molecular diagnosis in patient genomes: a systematic review
query for Augmenting the learning experience in primary and secondary school education: A systematic review of recent trends in augmented reality game based 
getbibtex.rb:182:in `index': incompatible character encodings: ASCII-8BIT and UTF-8 (Encoding::CompatibilityError)
	from getbibtex.rb:182:in `block (2 levels) in <main>'
	from getbibtex.rb:182:in `map'
	from getbibtex.rb:182:in `block in <main>'
	from getbibtex.rb:153:in `each'
	from getbibtex.rb:153:in `<main>'
Preparing search for the following 85 entries...





















































































Google Scholar-Einstellungen
Google Scholar
query for Augmenting the learning experience in primary and secondary school education: A systematic review of recent trends in augmented reality game based
query for Obstacles and solutions on the ladder of citizen participation: A systematic review
query for Vision based serious games and virtual reality systems for motor rehabilitation: A review geared toward a research methodology
query for A systematic review of data driven approaches in player modeling of educational games
query for On the role of data balancing for machine learning based code smell detection
query for An Evaluation Approach for Selecting Suitable Defect Prediction Method at Early Phases
query for Fuzzy logic approach for infectious disease diagnosis: A methodical evaluation, literature and classification
query for Systematic review of integrated studies on functional and thematic ecosystem services in Latin America, 1992 2017
query for Fostering good coding practices through individual feedback and gamification: an industrial case study
query for Avatars and embodied agents in experimental information systems research: A systematic review and conceptual framework
query for Food consumption and glycemic testing of adults and elderly diabetic patients from Public Health: A systematic review of assessment methods
query for The Prevalence of Errors in Machine Learning Experiments
query for A Scientometric analysis of Chinese language Literature on Green Data Centers
query for Older adults' physical activity and exergames: a systematic review
/usr/lib/ruby/vendor_ruby/mechanize/http/agent.rb:323:in `fetch': 403 => Net::HTTPForbidden for https://scholar.googleusercontent.com/scholar.bib?q=info:pZEan--fQK8J:scholar.google.com/&output=citation&scisdr=CgXMwF9xEJ-IlA3N5LM:AAGBfm0AAAAAX_LI_LO7IWhaCYPkTfiDyrhAYHlsZplU&scisig=AAGBfm0AAAAAX_LI_LNj0-_nmMPlcEnSzb8o8kxTAYd7&scisf=4&ct=citation&cd=0&hl=de -- unhandled response (Mechanize::ResponseCodeError)
	from /usr/lib/ruby/vendor_ruby/mechanize.rb:464:in `get'
	from /usr/lib/ruby/vendor_ruby/mechanize.rb:348:in `click'
	from /usr/lib/ruby/vendor_ruby/mechanize/page/link.rb:30:in `click'
	from getbibtex.rb:175:in `block in <main>'
	from getbibtex.rb:153:in `each'
	from getbibtex.rb:153:in `<main>'
Preparing search for the following 72 entries...








































































Google Scholar-Einstellungen
Google Scholar
query for Older adults' physical activity and exergames: a systematic review
query for Utilization of software supporting project management in middle and large project based organizations: an empirical study in Poland
query for State of the art in Software Quality Evaluation Models Suitable for Telemedicine and Telehealth Systems
query for An empirical study on the effectiveness of feature selection for cross project defect prediction
query for Empirical Study of Test Driven Development with Scrum
query for Enterprise maturity models: a systematic
query for Towards Supportive Mechanisms for Crowd Collaboration Design Guidelines for Platform Developers
query for An overview of learning design and analytics in mobile and ubiquitous learning
query for Developing a task switching training game for children with a rare genetic syndrome linked to intellectual disability
query for Observable Computational Thinking skills in primary school children: how and when teachers can discern abstraction, decomposition and use of algorithms
query for Investigating the Role of Information System Quality and Managerial Competency on the Organization's Performance
query for An empirical assessment of best answer prediction models in technical Q&A sites
query for Estabelecendo uma string de busca para a identificação de estudos secundários na engenharia de software
query for Examining the Alignment of Foreign Language Teachers' Technology Use Intention and Actual Usage
query for Software architecture design in global software development: An empirical study
query for Gap between academia and industry: a case of empirical evaluation of three software testing methods
query for Collaboration barriers in BIM based construction networks: A conceptual model
query for Business cases for ecodesign implementation: a simulation based framework
query for Understanding the Perceived Relevance of Capability Measures: A Survey of Agile Software Development Practitioners
query for A landscape of the adoption of empirical evaluations in the brazilian symposium on human factors in computing systems
query for The Knowledge Application and Utilization Framework Applied to Defense COTS: A Research Synthesis for Outsourced Innovation
query for Frequency and association of mitochondrial genetic variants with neurological disorders
query for Evaluating and empirically improving the visual syntax of use case diagrams
query for Insight into insiders and it: A survey of insider threat taxonomies, analysis, modeling, and countermeasures
query for Specifying autonomy in the Internet of Things: the autonomy model and notation
query for A Comparison of Heart Rate in Normal Physical Activity vs. Immersive Virtual Reality Exergames
query for Visually analyzing eye movements on natural language texts and source code snippets
query for A bibliometric data analysis of multi criteria decision making methods in heritage buildings
query for Sublating tensions in the IT project risk management literature: A model of the relative performance of intuition and deliberate analysis for risk assessment
query for Software development process ambidexterity and project performance: A coordination cost effectiveness view
query for Information Visualization at Home: A literature survey of consumption feedback design
query for Do Agile Managed Information Systems Projects Fail Due to a Lack of Emotional Intelligence?
query for Teaching requirements elicitation interviews: an empirical study of learning from mistakes
query for A comparative Analysis of Various Methodologies of Agile Project Management Verses PMBOK: A Case Study
query for Problem analysis of RPL overhead in 6LOWPAN using 5W1H model
query for The history and future of digital health in the field of behavioral medicine
query for Context awareness through Google Awareness API
query for The Effects of Social Capital's Relational Dimension on Tacit and Explicit Knowledge Sharing
query for Minecraft for Teaching Craft, Design and Technology in Primary School
query for Psychological contract and turnover intention in the information technology profession
query for Impact of training and structured medication review on medication appropriateness and patient related outcomes in nursing homes: results from the 
query for Joining together online: the trajectory of CSCW scholarship on group formation
query for Jordan banks' perceptions of customer relationship management: a TAM based investigation
query for A critical review on selected fuzzy min max neural networks and their significance and challenges in pattern classification
query for Affective game planning for health applications: quantitative extension of gerontoludic design based on the appraisal theory of stress and coping
query for How Serious is Serious Game Design? Exploring Entertainment Oriented and Goal Oriented Gaming
query for KAJIAN KONSEPTUAL TENTANG SOCIAL EMOTIONAL LEARNING (SEL) DALAM PEMBELAJARAN BAHASA
query for UNDERSTANDING FACTORS AND PRACTICES OF SOFTWARE SECURITY AND PERFORMANCE VERIFICATION
query for Estimating VR Sickness and user experience using different HMD technologies: An evaluation study
query for Ambiente Digital para Ensino e Acompanhamento Personalizado de Estudantes com Autismo
query for Ambulance Employees Association Scoping Literature Reviews drawing on qualitative literature to address the physical, psychological, psychobiological, and 
query for A framework for improving the recognition of project teams as key stakeholders in information and communication technology projects
query for A dimension based information security culture model and its relationship with employees' security behavior: A case study in Malaysian higher educational institutions
query for A Survey on the Use of Preferences for Virtual Machine Placement in Cloud Data Centers
query for The Role of Service Quality in Predisposition for Portuguese Online Commerce
query for Children's acceptance of social robots
query for The Role of Big Data in Addressing Societal Challenges
query for Strategies for Cloud Services Adoption in Saudi Arabia
query for SUPPORT FOR KNOWLEDGE ASSESSMENT IN STEM EDUCATION USING ELARS RECOMMENDER SYSTEM
query for How pair programming influences team performance: the role of backup behavior, shared mental models, and task novelty
query for Development of a prescription recommendation system using case based reasoning
query for Amplifying and attenuating inequity in collaborative learning: Toward an analytical framework
query for Integration of Virtual Teams Into an Organization: Insights Through Revealing Organizational Patterns
query for Investigating the Influence a perceived servant leadership styles has on employee engagement
query for Revisiting Heterogeneous Defect Prediction: How Far Are We?
query for Impact of Privacy Concerns and User Perceptions on the Usage Intention of Wearable Smart Medical Devices: A Correlational Study
/usr/lib/ruby/vendor_ruby/mechanize/http/agent.rb:323:in `fetch': 429 => Net::HTTPTooManyRequests for https://www.google.com/sorry/index?continue=https://scholar.googleusercontent.com/scholar.bib%3Fq%3Dinfo:A1KXJ0wWAY0J:scholar.google.com/%26output%3Dcitation%26scisdr%3DCgUAcyXGELSQlA3TdAw:AAGBfm0AAAAAX_LWbAyyh671JYGprBlwBeUCGqBp-aIA%26scisig%3DAAGBfm0AAAAAX_LWbIbJBM8_eASCYKR9OUKLVGXN0nyI%26scisf%3D4%26ct%3Dcitation%26cd%3D0%26hl%3Dde&hl=de&q=EhAqABOYAwADBQAAAAAAABJ4GJSoy_8FIhkA8aeDS06BpFaeGjBQsR8FPooWOFcQtSvbMgFy -- unhandled response (Mechanize::ResponseCodeError)
	from /usr/lib/ruby/vendor_ruby/mechanize/http/agent.rb:993:in `response_redirect'
	from /usr/lib/ruby/vendor_ruby/mechanize/http/agent.rb:315:in `fetch'
	from /usr/lib/ruby/vendor_ruby/mechanize.rb:464:in `get'
	from /usr/lib/ruby/vendor_ruby/mechanize.rb:348:in `click'
	from /usr/lib/ruby/vendor_ruby/mechanize/page/link.rb:30:in `click'
	from getbibtex.rb:175:in `block in <main>'
	from getbibtex.rb:153:in `each'
	from getbibtex.rb:153:in `<main>'
Preparing search for the following 7 entries...







Google Scholar-Einstellungen
Google Scholar
query for Impact of Privacy Concerns and User Perceptions on the Usage Intention of Wearable Smart Medical Devices: A Correlational Study
getbibtex.rb:77:in `filter': undefined method `first' for nil:NilClass (NoMethodError)
	from getbibtex.rb:165:in `block in <main>'
	from getbibtex.rb:153:in `each'
	from getbibtex.rb:153:in `<main>'
