Preparing search for the following 24 entries...
























Google Scholar-Einstellungen
Google Scholar
query for The use of systematic reviews in evidence based software engineering: a systematic mapping study
query for Analyzing software product innovation assessment by using a systematic literature review
query for The relationship of personality models and development tasks in software engineering
query for Cross vs. within company cost estimation studies revisited: an extended systematic review
query for Considering rigor and relevance when evaluating test driven development: A systematic review
query for A hermeneutic approach for conducting literature reviews and literature searches
query for Finding relevant research solutions for practical problems: the serp taxonomy architecture
query for Recovering from a decade: a systematic mapping of information retrieval approaches to software traceability
query for Nurse Patient Relationship in stroke Rehabilitation Units
query for Investigating the effects of personality traits on pair programming in a higher education setting through a family of experiments
query for The Dynamics of Test Driven Development
query for Risks and risk mitigation in global software development: A tertiary study
query for DConfusion: a technique to allow cross study performance evaluation of fault prediction studies
query for Meta theoretic assumptions and bibliometric evidence assessment on 3 D virtual worlds as collaborative learning ecosystems
query for Obtaining better software product by using test first programming technique
query for Variables influencing information security policy compliance
query for Advancing evidence based practice in systems development: providing juried knowledge to software professionals
query for Key factors of process maturity in English speaking Caribbean firms
query for Comparing a hybrid testing process with scripted and exploratory testing: an experimental study with practitioners
query for A Systematic Review of the Effectiveness of Animal assisted Interventions
query for The extent of empirical evidence that could inform evidence based design of programming languages: A systematic mapping study
query for Investigating programming techniques in large scale empirical studies
query for Open Source Software in Local Authorities
query for Brain based programming continued: Effective teaching in programming courses
