Preparing search for the following 15 entries...















Google Scholar-Einstellungen
Google Scholar
query for Quantitative determination of the relationship between internal validity and bias in software engineering experiments: consequences for systematic literature reviews
query for A meta analysis of e learning technology acceptance: The role of user types and e learning technology types
query for Factors limiting industrial adoption of test driven development: A systematic review
query for What we can learn from systematic reviews
Error:confidence to low with 0.285714
 What we can learn from systematic reviews
 Procedures for performing systematic reviews
query for Evidence based Information Systems: A decade later
query for Data quality: Cinderella at the software metrics ball?
query for Global software development and collaboration: barriers and solutions
query for A qualitative study of the determinants of self managing team effectiveness in a scrum team
query for A systematic review in research of medical software certification
query for Exploring the Benefits and Challenges of Applying Agile Methods in Offshore Development
query for A Comprehensive Evaluation of Conversion Approaches for Different Function Points
query for Empowering doctoral candidates in finding relevant concepts in a literature set
query for Scrum Practice Mitigation of Coordination Challenges in Global Software Development Projects: An Empirical Study
query for Automated assessment of programming assignments: visual feedback, assignment mobility, and assessment of students' testing skills
query for Uma contribuição para o teste baseado em defeitos de software orientado a aspectos
